==== ENV DUMP (pre) ====
Sat Sep  6 18:51:13 EDT 2025
SHELL: /bin/bash
WHOAMI: op98
HOSTNAME: r813u03n06.mccleary.ycrc.yale.edu
PWD: /home/op98/protein_design/topology/mGLI-PP/src/jobs
PATH: /home/op98/.local/bin:/home/op98/bin:/apps/bin:/opt/slurm/current/bin:/opt/lenovo/onecli:/usr/local/bin:/usr/bin:/usr/local/sbin:/usr/sbin
module is a function
module () 
{ 
    if [ -z "${LMOD_SH_DBG_ON+x}" ]; then
        case "$-" in 
            *v*x*)
                __lmod_sh_dbg='vx'
            ;;
            *v*)
                __lmod_sh_dbg='v'
            ;;
            *x*)
                __lmod_sh_dbg='x'
            ;;
        esac;
    fi;
    if [ -n "${__lmod_sh_dbg:-}" ]; then
        set +$__lmod_sh_dbg;
        echo "Shell debugging temporarily silenced: export LMOD_SH_DBG_ON=1 for Lmod's output" 1>&2;
    fi;
    eval "$($LMOD_CMD shell "$@")" && eval "$(${LMOD_SETTARG_CMD:-:} -s sh)";
    __lmod_my_status=$?;
    if [ -n "${__lmod_sh_dbg:-}" ]; then
        echo "Shell debugging restarted" 1>&2;
        set -$__lmod_sh_dbg;
    fi;
    unset __lmod_sh_dbg;
    return $__lmod_my_status
}
