+ export PYTHONUNBUFFERED=1
+ PYTHONUNBUFFERED=1
+ echo '======== SLURM JOB INFO ========'
+ date
+ echo 'Job ID      : 58353490'
+ echo 'Node list   : r813u09n06'
+ echo 'CPUs        : 16'
+ echo 'Mem (MB)    : 65536'
+ echo 'Submit dir  : /vast/palmer/home.mccleary/op98/protein_design/topology/mGLI-PP/src/jobs'
+ echo ===============================
+ cd /vast/palmer/home.mccleary/op98/protein_design/topology/mGLI-PP/src/jobs
+ mkdir -p logs
+ '[' -f /etc/profile.d/modules.sh ']'
+ source /etc/profile.d/modules.sh
+++ id -u
++ '[' 28635 = 0 ']'
++ source /apps/custom/lmod/lmod/init/profile
+++ '[' -z '' ']'
+++ LMOD_ALLOW_ROOT_USE=yes
+++ '[' -n '' ']'
+++ '[' yes '!=' yes ']'
+++ '[' -z /apps/custom/modulefiles ']'
+++ findExec READLINK_CMD /usr/bin/readlink readlink
+++ Nm=READLINK_CMD
+++ confPath=/usr/bin/readlink
+++ execNm=readlink
+++ eval READLINK_CMD=/usr/bin/readlink
++++ READLINK_CMD=/usr/bin/readlink
+++ '[' '!' -x /usr/bin/readlink ']'
+++ unset Nm confPath execNm
+++ findExec PS_CMD /usr/bin/ps ps
+++ Nm=PS_CMD
+++ confPath=/usr/bin/ps
+++ execNm=ps
+++ eval PS_CMD=/usr/bin/ps
++++ PS_CMD=/usr/bin/ps
+++ '[' '!' -x /usr/bin/ps ']'
+++ unset Nm confPath execNm
+++ findExec EXPR_CMD /usr/bin/expr expr
+++ Nm=EXPR_CMD
+++ confPath=/usr/bin/expr
+++ execNm=expr
+++ eval EXPR_CMD=/usr/bin/expr
++++ EXPR_CMD=/usr/bin/expr
+++ '[' '!' -x /usr/bin/expr ']'
+++ unset Nm confPath execNm
+++ findExec BASENAME_CMD /usr/bin/basename basename
+++ Nm=BASENAME_CMD
+++ confPath=/usr/bin/basename
+++ execNm=basename
+++ eval BASENAME_CMD=/usr/bin/basename
++++ BASENAME_CMD=/usr/bin/basename
+++ '[' '!' -x /usr/bin/basename ']'
+++ unset Nm confPath execNm
+++ unset -f findExec
+++ '[' -f /proc/2141716/exe ']'
++++ /usr/bin/readlink /proc/2141716/exe
+++ my_shell=/usr/bin/bash
++++ /usr/bin/expr /usr/bin/bash : '-*\(.*\)'
+++ my_shell=/usr/bin/bash
++++ /usr/bin/basename /usr/bin/bash
+++ my_shell=bash
+++ case ${my_shell} in
+++ '[' -f /apps/custom/lmod/8.7.48/init/bash ']'
+++ . /apps/custom/lmod/8.7.48/init/bash
++++ '[' -z '' ']'
++++ case "$-" in
++++ __lmod_vx=x
++++ '[' -n x ']'
++++ set +x
Shell debugging temporarily silenced: export LMOD_SH_DBG_ON=1 for this output (/apps/custom/lmod/8.7.48/init/bash)
Shell debugging restarted
++++ unset __lmod_vx
+++ unset my_shell PS_CMD EXPR_CMD BASENAME_CMD MODULEPATH_INIT LMOD_ALLOW_ROOT_USE READLINK_CMD
+ module purge
+ '[' -z '' ']'
+ case "$-" in
+ __lmod_sh_dbg=x
+ '[' -n x ']'
+ set +x
Shell debugging temporarily silenced: export LMOD_SH_DBG_ON=1 for Lmod's output
The following modules were not unloaded:
  (Use "module --force purge" to unload all):

  1) StdEnv
Shell debugging restarted
+ unset __lmod_sh_dbg
+ return 0
+ module load minoconda
+ '[' -z '' ']'
+ case "$-" in
+ __lmod_sh_dbg=x
+ '[' -n x ']'
+ set +x
Shell debugging temporarily silenced: export LMOD_SH_DBG_ON=1 for Lmod's output
Lmod has detected the following error: The following module(s) are unknown:
"minoconda"

Please check the spelling or version number. Also try "module spider ..."
It is also possible your cache file is out-of-date; it may help to try:
  $ module --ignore_cache load "minoconda"

Also make sure that all modulefiles written in TCL start with the string
#%Module



Shell debugging restarted
+ unset __lmod_sh_dbg
+ return 1
