+ echo '==== ENV DUMP (pre) ===='
+ date
+ echo 'SHELL: /bin/bash'
++ whoami
+ echo 'WHOAMI: op98'
++ hostname
+ echo 'HOSTNAME: r813u03n06.mccleary.ycrc.yale.edu'
++ pwd
+ echo 'PWD: /home/op98/protein_design/topology/mGLI-PP/src/jobs'
+ echo 'PATH: /home/op98/.local/bin:/home/op98/bin:/apps/bin:/opt/slurm/current/bin:/opt/lenovo/onecli:/usr/local/bin:/usr/bin:/usr/local/sbin:/usr/sbin'
+ '[' -f /etc/profile.d/modules.sh ']'
+ source /etc/profile.d/modules.sh
+++ id -u
++ '[' 28635 = 0 ']'
++ source /apps/custom/lmod/lmod/init/profile
+++ '[' -z '' ']'
+++ LMOD_ALLOW_ROOT_USE=yes
+++ '[' -n '' ']'
+++ '[' yes '!=' yes ']'
+++ '[' -z /apps/custom/modulefiles ']'
+++ findExec READLINK_CMD /usr/bin/readlink readlink
+++ Nm=READLINK_CMD
+++ confPath=/usr/bin/readlink
+++ execNm=readlink
+++ eval READLINK_CMD=/usr/bin/readlink
++++ READLINK_CMD=/usr/bin/readlink
+++ '[' '!' -x /usr/bin/readlink ']'
+++ unset Nm confPath execNm
+++ findExec PS_CMD /usr/bin/ps ps
+++ Nm=PS_CMD
+++ confPath=/usr/bin/ps
+++ execNm=ps
+++ eval PS_CMD=/usr/bin/ps
++++ PS_CMD=/usr/bin/ps
+++ '[' '!' -x /usr/bin/ps ']'
+++ unset Nm confPath execNm
+++ findExec EXPR_CMD /usr/bin/expr expr
+++ Nm=EXPR_CMD
+++ confPath=/usr/bin/expr
+++ execNm=expr
+++ eval EXPR_CMD=/usr/bin/expr
++++ EXPR_CMD=/usr/bin/expr
+++ '[' '!' -x /usr/bin/expr ']'
+++ unset Nm confPath execNm
+++ findExec BASENAME_CMD /usr/bin/basename basename
+++ Nm=BASENAME_CMD
+++ confPath=/usr/bin/basename
+++ execNm=basename
+++ eval BASENAME_CMD=/usr/bin/basename
++++ BASENAME_CMD=/usr/bin/basename
+++ '[' '!' -x /usr/bin/basename ']'
+++ unset Nm confPath execNm
+++ unset -f findExec
+++ '[' -f /proc/1002548/exe ']'
++++ /usr/bin/readlink /proc/1002548/exe
+++ my_shell=/usr/bin/bash
++++ /usr/bin/expr /usr/bin/bash : '-*\(.*\)'
+++ my_shell=/usr/bin/bash
++++ /usr/bin/basename /usr/bin/bash
+++ my_shell=bash
+++ case ${my_shell} in
+++ '[' -f /apps/custom/lmod/8.7.48/init/bash ']'
+++ . /apps/custom/lmod/8.7.48/init/bash
++++ '[' -z '' ']'
++++ case "$-" in
++++ __lmod_vx=x
++++ '[' -n x ']'
++++ set +x
Shell debugging temporarily silenced: export LMOD_SH_DBG_ON=1 for this output (/apps/custom/lmod/8.7.48/init/bash)
Shell debugging restarted
++++ unset __lmod_vx
+++ unset my_shell PS_CMD EXPR_CMD BASENAME_CMD MODULEPATH_INIT LMOD_ALLOW_ROOT_USE READLINK_CMD
+ type module
+ '[' -f /home/op98/.bashrc ']'
+ source /home/op98/.bashrc
++ '[' -f /etc/bashrc ']'
++ . /etc/bashrc
/etc/bashrc: line 12: BASHRCSOURCED: unbound variable
